<?xml version="1.0" encoding="UTF-8"?>
<!-- Generated by org.testng.reporters.JUnitReportReporter -->
<testsuite hostname="USER-20150804OD" name="com.lk.android.test.TestCase2" tests="3" failures="0" timestamp="2 Mar 2016 10:02:59 GMT" time="42.134" errors="0">
  <testcase name="t_login2" time="14.161" classname="com.lk.android.test.TestCase2"/>
  <testcase name="t_login" time="11.062" classname="com.lk.android.test.TestCase2"/>
  <testcase name="a_welcome" time="16.911" classname="com.lk.android.test.TestCase2"/>
</testsuite> <!-- com.lk.android.test.TestCase2 -->
