<?xml version="1.0" encoding="UTF-8"?>
<!-- Generated by org.testng.reporters.JUnitReportReporter -->
<testsuite hostname="USER-20150804OD" name="com.lk.android.test.Demo" tests="1" failures="0" timestamp="1 Mar 2016 03:49:58 GMT" time="12.756" errors="0">
  <testcase name="a_welcome" time="12.756" classname="com.lk.android.test.Demo"/>
</testsuite> <!-- com.lk.android.test.Demo -->
