<?xml version="1.0" encoding="UTF-8"?>
<!-- Generated by org.testng.reporters.JUnitReportReporter -->
<testsuite hostname="USER-20150804OD" name="com.lk.android.testSuite.NewTestCase1" tests="4" failures="0" timestamp="18 Mar 2016 03:45:15 GMT" time="53.636" errors="0">
  <testcase name="test_loginOut" time="7.456" classname="com.lk.android.testSuite.NewTestCase1"/>
  <testcase name="test_loginRight" time="18.419" classname="com.lk.android.testSuite.NewTestCase1"/>
  <testcase name="test_welcome" time="10.800" classname="com.lk.android.testSuite.NewTestCase1"/>
  <testcase name="test_loginWrong" time="16.961" classname="com.lk.android.testSuite.NewTestCase1"/>
</testsuite> <!-- com.lk.android.testSuite.NewTestCase1 -->
