<?xml version="1.0" encoding="UTF-8"?>
<!-- Generated by org.testng.reporters.JUnitReportReporter -->
<testsuite hostname="USER-20150804OD" name="com.lk.android.test.TestCase2" tests="3" failures="0" timestamp="1 Mar 2016 06:20:49 GMT" time="48.265" errors="0">
  <testcase name="t_login2" time="14.401" classname="com.lk.android.test.TestCase2"/>
  <testcase name="t_login" time="19.280" classname="com.lk.android.test.TestCase2"/>
  <testcase name="a_welcome" time="14.584" classname="com.lk.android.test.TestCase2"/>
</testsuite> <!-- com.lk.android.test.TestCase2 -->
