<?xml version="1.0" encoding="UTF-8"?>
<!-- Generated by org.testng.reporters.JUnitReportReporter -->
<testsuite hostname="USER-20150804OD" name="com.lk.android.testSuite.TestCase1" tests="3" failures="0" timestamp="2 Mar 2016 11:58:03 GMT" time="44.581" errors="0">
  <testcase name="test_welcome" time="17.744" classname="com.lk.android.testSuite.TestCase1"/>
  <testcase name="test_login2" time="15.661" classname="com.lk.android.testSuite.TestCase1"/>
  <testcase name="test_login" time="11.176" classname="com.lk.android.testSuite.TestCase1"/>
</testsuite> <!-- com.lk.android.testSuite.TestCase1 -->
