<?xml version="1.0" encoding="UTF-8"?>
<!-- Generated by org.testng.reporters.JUnitReportReporter -->
<testsuite hostname="USER-20150804OD" name="com.lk.android.testSuite.TestCase2" tests="1" failures="0" timestamp="16 Mar 2016 05:21:57 GMT" time="11.550" errors="0">
  <testcase name="test_welcome" time="11.550" classname="com.lk.android.testSuite.TestCase2"/>
</testsuite> <!-- com.lk.android.testSuite.TestCase2 -->
