<?xml version="1.0" encoding="UTF-8"?>
<!-- Generated by org.testng.reporters.JUnitReportReporter -->
<testsuite hostname="USER-20150804OD" name="com.lk.android.testSuite.TestCase1" tests="4" failures="0" timestamp="3 Mar 2016 08:17:25 GMT" time="54.079" errors="0">
  <testcase name="test_loginWrong" time="16.784" classname="com.lk.android.testSuite.TestCase1"/>
  <testcase name="test_loginRight" time="16.191" classname="com.lk.android.testSuite.TestCase1"/>
  <testcase name="test_welcome" time="11.836" classname="com.lk.android.testSuite.TestCase1"/>
  <testcase name="test_loginOut" time="9.268" classname="com.lk.android.testSuite.TestCase1"/>
</testsuite> <!-- com.lk.android.testSuite.TestCase1 -->
