<?xml version="1.0" encoding="UTF-8"?>
<!-- Generated by org.testng.reporters.JUnitReportReporter -->
<testsuite hostname="USER-20150804OD" name="com.lk.android.test.TestCase" tests="1" failures="0" timestamp="1 Mar 2016 03:55:21 GMT" time="15.569" errors="0">
  <testcase name="a_welcome" time="15.569" classname="com.lk.android.test.TestCase"/>
</testsuite> <!-- com.lk.android.test.TestCase -->
